2021-12-07 23:25:09.606  INFO 33044 --- [restartedMain] c.y.a.a.EAfterschoolAdminApplication     : Starting EAfterschoolAdminApplication on DESKTOP-08OF09U with PID 33044 (C:\Users\hgko\git\e-afterschool-admin\e-afterschool-admin\target\classes started by hgko in C:\Users\hgko\git\e-afterschool-admin\e-afterschool-admin)
2021-12-07 23:25:09.611 DEBUG 33044 --- [restartedMain] c.y.a.a.EAfterschoolAdminApplication     : Running with Spring Boot v2.1.2.RELEASE, Spring v5.1.4.RELEASE
2021-12-07 23:25:09.611  INFO 33044 --- [restartedMain] c.y.a.a.EAfterschoolAdminApplication     : The following profiles are active: dev
2021-12-07 23:25:09.642  INFO 33044 --- [restartedMain] .e.DevToolsPropertyDefaultsPostProcessor : Devtools property defaults active! Set 'spring.devtools.add-properties' to 'false' to disable
2021-12-07 23:25:09.642  INFO 33044 --- [restartedMain] .e.DevToolsPropertyDefaultsPostProcessor : For additional web related logging consider setting the 'logging.level.web' property to 'DEBUG'
2021-12-07 23:25:10.317  INFO 33044 --- [restartedMain] .s.d.r.c.RepositoryConfigurationDelegate : Bootstrapping Spring Data repositories in DEFAULT mode.
2021-12-07 23:25:10.480  INFO 33044 --- [restartedMain] .s.d.r.c.RepositoryConfigurationDelegate : Finished Spring Data repository scanning in 159ms. Found 19 repository interfaces.
2021-12-07 23:25:10.694  INFO 33044 --- [restartedMain] trationDelegate$BeanPostProcessorChecker : Bean 'org.springframework.transaction.annotation.ProxyTransactionManagementConfiguration' of type [org.springframework.transaction.annotation.ProxyTransactionManagementConfiguration$$EnhancerBySpringCGLIB$$cebe37df] is not eligible for getting processed by all BeanPostProcessors (for example: not eligible for auto-proxying)
2021-12-07 23:25:10.935  INFO 33044 --- [restartedMain] o.s.b.w.embedded.tomcat.TomcatWebServer  : Tomcat initialized with port(s): 8082 (http)
2021-12-07 23:25:10.949  INFO 33044 --- [restartedMain] o.apache.catalina.core.StandardService   : Starting service [Tomcat]
2021-12-07 23:25:10.950  INFO 33044 --- [restartedMain] org.apache.catalina.core.StandardEngine  : Starting Servlet engine: [Apache Tomcat/9.0.14]
2021-12-07 23:25:10.954  INFO 33044 --- [restartedMain] o.a.catalina.core.AprLifecycleListener   : The APR based Apache Tomcat Native library which allows optimal performance in production environments was not found on the java.library.path: [C:\Program Files\Java\jdk1.8.0_251\bin;C:\Windows\Sun\Java\bin;C:\Windows\system32;C:\Windows;C:\Program Files\NVIDIA GPU Computing Toolkit\CUDA\v11.1\bin;C:\Program Files\NVIDIA GPU Computing Toolkit\CUDA\v11.1\libnvvp;C:\Program Files (x86)\Common Files\Oracle\Java\javapath;C:\Windows\system32;C:\Windows;C:\Windows\System32\Wbem;C:\Windows\System32\WindowsPowerShell\v1.0\;C:\Windows\System32\OpenSSH\;C:\Program Files\Git\cmd;C:\apache-maven-3.6.3\bin;C:\Program Files\Java\jdk1.8.0_251\bin;C:\Program Files (x86)\NVIDIA Corporation\PhysX\Common;C:\Program Files\NVIDIA Corporation\NVIDIA NvDLISR;C:\Program Files\NVIDIA Corporation\Nsight Compute 2020.2.0\;C:\Program Files\Go\bin;C:\Program Files\TortoiseSVN\bin;C:\Program Files\MySQL\MySQL Server 5.7\bin;C:\Program Files\dotnet\;C:\ProgramData\chocolatey\bin;C:\Program Files\nodejs\;C:\Users\hgko\AppData\Local\Microsoft\WindowsApps;C:\Program Files\Bandizip\;C:\Users\hgko\AppData\Local\Programs\Microsoft VS Code\bin;C:\Users\hgko\go\bin;C:\Users\hgko\.dotnet\tools;C:\Users\hgko\AppData\Roaming\npm;.]
2021-12-07 23:25:11.141  INFO 33044 --- [restartedMain] org.apache.jasper.servlet.TldScanner     : At least one JAR was scanned for TLDs yet contained no TLDs. Enable debug logging for this logger for a complete list of JARs that were scanned but no TLDs were found in them. Skipping unneeded JARs during scanning can improve startup time and JSP compilation time.
2021-12-07 23:25:11.145  INFO 33044 --- [restartedMain] o.a.c.c.C.[Tomcat].[localhost].[/admin]  : Initializing Spring embedded WebApplicationContext
2021-12-07 23:25:11.145  INFO 33044 --- [restartedMain] o.s.web.context.ContextLoader            : Root WebApplicationContext: initialization completed in 1503 ms
2021-12-07 23:25:11.337  INFO 33044 --- [restartedMain] o.hibernate.jpa.internal.util.LogHelper  : HHH000204: Processing PersistenceUnitInfo [
	name: default
	...]
2021-12-07 23:25:11.386  INFO 33044 --- [restartedMain] org.hibernate.Version                    : HHH000412: Hibernate Core {5.3.7.Final}
2021-12-07 23:25:11.387  INFO 33044 --- [restartedMain] org.hibernate.cfg.Environment            : HHH000206: hibernate.properties not found
2021-12-07 23:25:11.468  INFO 33044 --- [restartedMain] o.hibernate.annotations.common.Version   : HCANN000001: Hibernate Commons Annotations {5.0.4.Final}
2021-12-07 23:25:11.622  INFO 33044 --- [restartedMain] com.zaxxer.hikari.HikariDataSource       : HikariPool-1 - Starting...
2021-12-07 23:25:11.720  INFO 33044 --- [restartedMain] com.zaxxer.hikari.HikariDataSource       : HikariPool-1 - Start completed.
2021-12-07 23:25:11.727  INFO 33044 --- [restartedMain] org.hibernate.dialect.Dialect            : HHH000400: Using dialect: org.hibernate.dialect.MySQL5Dialect
2021-12-07 23:25:12.941  INFO 33044 --- [restartedMain] j.LocalContainerEntityManagerFactoryBean : Initialized JPA EntityManagerFactory for persistence unit 'default'
2021-12-07 23:25:12.969  WARN 33044 --- [restartedMain] o.s.b.d.a.OptionalLiveReloadServer       : Unable to start LiveReload server
2021-12-07 23:25:13.258  INFO 33044 --- [restartedMain] o.h.h.i.QueryTranslatorFactoryInitiator  : HHH000397: Using ASTQueryTranslatorFactory
2021-12-07 23:25:13.739  INFO 33044 --- [restartedMain] o.s.s.web.DefaultSecurityFilterChain     : Creating filter chain: any request, [org.springframework.security.web.context.request.async.WebAsyncManagerIntegrationFilter@1a1f72b4, org.springframework.security.web.context.SecurityContextPersistenceFilter@1b14883e, org.springframework.security.web.header.HeaderWriterFilter@183eee6c, org.springframework.security.web.authentication.logout.LogoutFilter@558b6dbf, org.springframework.security.web.authentication.UsernamePasswordAuthenticationFilter@5e17cf86, org.springframework.security.web.session.ConcurrentSessionFilter@67a213e2, org.springframework.security.web.authentication.www.BasicAuthenticationFilter@5f9aac4c, org.springframework.security.web.savedrequest.RequestCacheAwareFilter@2281bbc8, org.springframework.security.web.servletapi.SecurityContextHolderAwareRequestFilter@30901058, org.springframework.security.web.authentication.AnonymousAuthenticationFilter@31251c92, org.springframework.security.web.session.SessionManagementFilter@3ff6a5c2, org.springframework.security.web.access.ExceptionTranslationFilter@620a99d8, org.springframework.security.web.access.intercept.FilterSecurityInterceptor@13be3b47]
2021-12-07 23:25:13.922  INFO 33044 --- [restartedMain] org.apache.tiles.access.TilesAccess      : Publishing TilesContext for context: org.springframework.web.servlet.view.tiles3.SpringWildcardServletTilesApplicationContext
2021-12-07 23:25:14.064  INFO 33044 --- [restartedMain] o.s.s.concurrent.ThreadPoolTaskExecutor  : Initializing ExecutorService 'applicationTaskExecutor'
2021-12-07 23:25:14.087  WARN 33044 --- [restartedMain] aWebConfiguration$JpaWebMvcConfiguration : spring.jpa.open-in-view is enabled by default. Therefore, database queries may be performed during view rendering. Explicitly configure spring.jpa.open-in-view to disable this warning
2021-12-07 23:25:14.450  INFO 33044 --- [restartedMain] o.s.b.w.embedded.tomcat.TomcatWebServer  : Tomcat started on port(s): 8082 (http) with context path '/admin'
2021-12-07 23:25:14.452  INFO 33044 --- [restartedMain] c.y.a.a.EAfterschoolAdminApplication     : Started EAfterschoolAdminApplication in 5.075 seconds (JVM running for 5.716)
2021-12-07 23:25:15.164  INFO 33044 --- [http-nio-8082-exec-1] o.a.c.c.C.[Tomcat].[localhost].[/admin]  : Initializing Spring DispatcherServlet 'dispatcherServlet'
2021-12-07 23:25:15.164  INFO 33044 --- [http-nio-8082-exec-1] o.s.web.servlet.DispatcherServlet        : Initializing Servlet 'dispatcherServlet'
2021-12-07 23:25:15.170  INFO 33044 --- [http-nio-8082-exec-1] o.s.web.servlet.DispatcherServlet        : Completed initialization in 6 ms
2021-12-07 23:25:18.152 TRACE 33044 --- [http-nio-8082-exec-6] o.h.type.descriptor.sql.BasicBinder      : binding parameter [1] as [VARCHAR] - [admin]
2021-12-07 23:25:18.153 TRACE 33044 --- [http-nio-8082-exec-6] o.h.type.descriptor.sql.BasicBinder      : binding parameter [2] as [VARCHAR] - [1234]
2021-12-07 23:25:18.207 TRACE 33044 --- [http-nio-8082-exec-1] o.h.type.descriptor.sql.BasicBinder      : binding parameter [1] as [INTEGER] - [7]
2021-12-07 23:25:18.219 TRACE 33044 --- [http-nio-8082-exec-1] o.h.type.descriptor.sql.BasicBinder      : binding parameter [1] as [INTEGER] - [5]
2021-12-07 23:25:18.223 TRACE 33044 --- [http-nio-8082-exec-1] o.h.type.descriptor.sql.BasicBinder      : binding parameter [1] as [INTEGER] - [6]
2021-12-07 23:25:18.227 TRACE 33044 --- [http-nio-8082-exec-1] o.h.type.descriptor.sql.BasicBinder      : binding parameter [1] as [INTEGER] - [2]
2021-12-07 23:25:18.230 TRACE 33044 --- [http-nio-8082-exec-1] o.h.type.descriptor.sql.BasicBinder      : binding parameter [1] as [INTEGER] - [1]
2021-12-07 23:26:34.460 TRACE 33044 --- [http-nio-8082-exec-8] o.h.type.descriptor.sql.BasicBinder      : binding parameter [1] as [INTEGER] - [7]
2021-12-07 23:26:34.464 TRACE 33044 --- [http-nio-8082-exec-8] o.h.type.descriptor.sql.BasicBinder      : binding parameter [1] as [INTEGER] - [5]
2021-12-07 23:26:34.468 TRACE 33044 --- [http-nio-8082-exec-8] o.h.type.descriptor.sql.BasicBinder      : binding parameter [1] as [INTEGER] - [6]
2021-12-07 23:26:34.472 TRACE 33044 --- [http-nio-8082-exec-8] o.h.type.descriptor.sql.BasicBinder      : binding parameter [1] as [INTEGER] - [2]
2021-12-07 23:26:34.475 TRACE 33044 --- [http-nio-8082-exec-8] o.h.type.descriptor.sql.BasicBinder      : binding parameter [1] as [INTEGER] - [1]
2021-12-07 23:26:34.501 TRACE 33044 --- [http-nio-8082-exec-8] o.h.type.descriptor.sql.BasicBinder      : binding parameter [1] as [INTEGER] - [40]
2021-12-07 23:26:34.505 TRACE 33044 --- [http-nio-8082-exec-8] o.h.type.descriptor.sql.BasicBinder      : binding parameter [1] as [INTEGER] - [31]
2021-12-07 23:26:34.509 TRACE 33044 --- [http-nio-8082-exec-8] o.h.type.descriptor.sql.BasicBinder      : binding parameter [1] as [INTEGER] - [116]
2021-12-07 23:26:34.513 TRACE 33044 --- [http-nio-8082-exec-8] o.h.type.descriptor.sql.BasicBinder      : binding parameter [1] as [INTEGER] - [118]
2021-12-07 23:26:34.518 TRACE 33044 --- [http-nio-8082-exec-8] o.h.type.descriptor.sql.BasicBinder      : binding parameter [1] as [INTEGER] - [109]
2021-12-07 23:26:34.521 TRACE 33044 --- [http-nio-8082-exec-8] o.h.type.descriptor.sql.BasicBinder      : binding parameter [1] as [INTEGER] - [31]
2021-12-07 23:26:34.525 TRACE 33044 --- [http-nio-8082-exec-8] o.h.type.descriptor.sql.BasicBinder      : binding parameter [1] as [INTEGER] - [114]
2021-12-07 23:26:34.528 TRACE 33044 --- [http-nio-8082-exec-8] o.h.type.descriptor.sql.BasicBinder      : binding parameter [1] as [INTEGER] - [115]
2021-12-07 23:26:34.532 TRACE 33044 --- [http-nio-8082-exec-8] o.h.type.descriptor.sql.BasicBinder      : binding parameter [1] as [INTEGER] - [47]
2021-12-07 23:26:34.552 TRACE 33044 --- [http-nio-8082-exec-8] o.h.type.descriptor.sql.BasicBinder      : binding parameter [1] as [INTEGER] - [40]
2021-12-07 23:26:35.008 TRACE 33044 --- [http-nio-8082-exec-1] o.h.type.descriptor.sql.BasicBinder      : binding parameter [1] as [INTEGER] - [40]
2021-12-07 23:26:35.012 TRACE 33044 --- [http-nio-8082-exec-1] o.h.type.descriptor.sql.BasicBinder      : binding parameter [1] as [INTEGER] - [40]
2021-12-07 23:26:35.016 TRACE 33044 --- [http-nio-8082-exec-1] o.h.type.descriptor.sql.BasicBinder      : binding parameter [1] as [INTEGER] - [5371]
2021-12-07 23:26:35.020 TRACE 33044 --- [http-nio-8082-exec-1] o.h.type.descriptor.sql.BasicBinder      : binding parameter [1] as [INTEGER] - [343]
2021-12-07 23:26:35.024 TRACE 33044 --- [http-nio-8082-exec-1] o.h.type.descriptor.sql.BasicBinder      : binding parameter [1] as [INTEGER] - [5375]
2021-12-07 23:26:35.028 TRACE 33044 --- [http-nio-8082-exec-1] o.h.type.descriptor.sql.BasicBinder      : binding parameter [1] as [INTEGER] - [339]
2021-12-07 23:26:35.032 TRACE 33044 --- [http-nio-8082-exec-1] o.h.type.descriptor.sql.BasicBinder      : binding parameter [1] as [INTEGER] - [5372]
2021-12-07 23:26:35.036 TRACE 33044 --- [http-nio-8082-exec-1] o.h.type.descriptor.sql.BasicBinder      : binding parameter [1] as [INTEGER] - [349]
2021-12-07 23:26:35.040 TRACE 33044 --- [http-nio-8082-exec-1] o.h.type.descriptor.sql.BasicBinder      : binding parameter [1] as [INTEGER] - [5365]
2021-12-07 23:26:35.044 TRACE 33044 --- [http-nio-8082-exec-1] o.h.type.descriptor.sql.BasicBinder      : binding parameter [1] as [INTEGER] - [352]
2021-12-07 23:26:35.048 TRACE 33044 --- [http-nio-8082-exec-1] o.h.type.descriptor.sql.BasicBinder      : binding parameter [1] as [INTEGER] - [2805]
2021-12-07 23:26:35.052 TRACE 33044 --- [http-nio-8082-exec-1] o.h.type.descriptor.sql.BasicBinder      : binding parameter [1] as [INTEGER] - [350]
2021-12-07 23:26:35.056 TRACE 33044 --- [http-nio-8082-exec-1] o.h.type.descriptor.sql.BasicBinder      : binding parameter [1] as [INTEGER] - [5367]
2021-12-07 23:26:35.060 TRACE 33044 --- [http-nio-8082-exec-1] o.h.type.descriptor.sql.BasicBinder      : binding parameter [1] as [INTEGER] - [5378]
2021-12-07 23:26:35.063 TRACE 33044 --- [http-nio-8082-exec-1] o.h.type.descriptor.sql.BasicBinder      : binding parameter [1] as [INTEGER] - [5379]
2021-12-07 23:26:35.067 TRACE 33044 --- [http-nio-8082-exec-1] o.h.type.descriptor.sql.BasicBinder      : binding parameter [1] as [INTEGER] - [348]
2021-12-07 23:26:35.071 TRACE 33044 --- [http-nio-8082-exec-1] o.h.type.descriptor.sql.BasicBinder      : binding parameter [1] as [INTEGER] - [5383]
2021-12-07 23:26:35.075 TRACE 33044 --- [http-nio-8082-exec-1] o.h.type.descriptor.sql.BasicBinder      : binding parameter [1] as [INTEGER] - [337]
2021-12-07 23:26:35.080 TRACE 33044 --- [http-nio-8082-exec-1] o.h.type.descriptor.sql.BasicBinder      : binding parameter [1] as [INTEGER] - [357]
2021-12-07 23:26:35.084 TRACE 33044 --- [http-nio-8082-exec-1] o.h.type.descriptor.sql.BasicBinder      : binding parameter [1] as [INTEGER] - [5366]
2021-12-07 23:26:35.088 TRACE 33044 --- [http-nio-8082-exec-1] o.h.type.descriptor.sql.BasicBinder      : binding parameter [1] as [INTEGER] - [5387]
2021-12-07 23:26:35.091 TRACE 33044 --- [http-nio-8082-exec-1] o.h.type.descriptor.sql.BasicBinder      : binding parameter [1] as [INTEGER] - [5388]
2021-12-07 23:26:35.094 TRACE 33044 --- [http-nio-8082-exec-1] o.h.type.descriptor.sql.BasicBinder      : binding parameter [1] as [INTEGER] - [5384]
2021-12-07 23:26:35.098 TRACE 33044 --- [http-nio-8082-exec-1] o.h.type.descriptor.sql.BasicBinder      : binding parameter [1] as [INTEGER] - [87]
2021-12-07 23:26:35.101 TRACE 33044 --- [http-nio-8082-exec-1] o.h.type.descriptor.sql.BasicBinder      : binding parameter [1] as [INTEGER] - [5393]
2021-12-07 23:26:35.147 TRACE 33044 --- [http-nio-8082-exec-1] o.h.type.descriptor.sql.BasicBinder      : binding parameter [1] as [INTEGER] - [40]
2021-12-07 23:26:48.252 TRACE 33044 --- [http-nio-8082-exec-2] o.h.type.descriptor.sql.BasicBinder      : binding parameter [1] as [INTEGER] - [19]
2021-12-07 23:26:50.635 TRACE 33044 --- [http-nio-8082-exec-9] o.h.type.descriptor.sql.BasicBinder      : binding parameter [1] as [INTEGER] - [0]
2021-12-07 23:26:58.351 TRACE 33044 --- [http-nio-8082-exec-10] o.h.type.descriptor.sql.BasicBinder      : binding parameter [1] as [INTEGER] - [0]
2021-12-07 23:27:06.699 TRACE 33044 --- [http-nio-8082-exec-4] o.h.type.descriptor.sql.BasicBinder      : binding parameter [1] as [INTEGER] - [20]
2021-12-07 23:27:10.312 TRACE 33044 --- [http-nio-8082-exec-7] o.h.type.descriptor.sql.BasicBinder      : binding parameter [1] as [INTEGER] - [19]
2021-12-07 23:58:24.432  INFO 33044 --- [RMI TCP Connection(43)-127.0.0.1] inMXBeanRegistrar$SpringApplicationAdmin : Application shutdown requested.
2021-12-07 23:58:24.446  INFO 33044 --- [RMI TCP Connection(43)-127.0.0.1] o.s.s.concurrent.ThreadPoolTaskExecutor  : Shutting down ExecutorService 'applicationTaskExecutor'
2021-12-07 23:58:24.446  INFO 33044 --- [RMI TCP Connection(43)-127.0.0.1] org.apache.tiles.access.TilesAccess      : Removing TilesContext for context: org.springframework.web.servlet.view.tiles3.SpringWildcardServletTilesApplicationContext
2021-12-07 23:58:24.450  INFO 33044 --- [RMI TCP Connection(43)-127.0.0.1] j.LocalContainerEntityManagerFactoryBean : Closing JPA EntityManagerFactory for persistence unit 'default'
2021-12-07 23:58:24.452  INFO 33044 --- [RMI TCP Connection(43)-127.0.0.1] com.zaxxer.hikari.HikariDataSource       : HikariPool-1 - Shutdown initiated...
2021-12-07 23:58:24.455  INFO 33044 --- [RMI TCP Connection(43)-127.0.0.1] com.zaxxer.hikari.HikariDataSource       : HikariPool-1 - Shutdown completed.
